<?xml version="1.0" encoding="UTF-8"?>
<testng-results ignored="1" total="21" passed="15" failed="5" skipped="0">
  <reporter-output>
  </reporter-output>
  <suite started-at="2022-12-03T16:04:14 CAST" name="All Test Suite" finished-at="2022-12-03T16:14:53 CAST" duration-ms="639660">
    <groups>
    </groups>
    <test started-at="2022-12-03T16:04:14 CAST" name="C:/Users/Dima/Desktop/OrangeHRM" finished-at="2022-12-03T16:14:53 CAST" duration-ms="639660">
      <class name="OrangeHPM.TestCases.TC_0009_DeleteEmployeeDDT">
        <test-method is-config="true" signature="SetUp()[pri:0, instance:OrangeHPM.TestCases.TC_0009_DeleteEmployeeDDT@2ed3b1f5]" started-at="2022-12-03T16:08:37 CAST" name="SetUp" finished-at="2022-12-03T16:08:38 CAST" duration-ms="867" status="PASS">
          <reporter-output>
          </reporter-output>
        </test-method> <!-- SetUp -->
        <test-method signature="deleteEmployee(java.lang.String)[pri:0, instance:OrangeHPM.TestCases.TC_0009_DeleteEmployeeDDT@2ed3b1f5]" started-at="2022-12-03T16:08:38 CAST" name="deleteEmployee" data-provider="employees to delete" finished-at="2022-12-03T16:09:06 CAST" duration-ms="28811" status="PASS">
          <params>
            <param index="0">
              <value>
                <![CDATA[Alex]]>
              </value>
            </param>
          </params>
          <reporter-output>
          </reporter-output>
        </test-method> <!-- deleteEmployee -->
        <test-method signature="deleteEmployee(java.lang.String)[pri:0, instance:OrangeHPM.TestCases.TC_0009_DeleteEmployeeDDT@2ed3b1f5]" started-at="2022-12-03T16:09:06 CAST" name="deleteEmployee" data-provider="employees to delete" finished-at="2022-12-03T16:09:12 CAST" duration-ms="5770" status="FAIL">
          <params>
            <param index="0">
              <value>
                <![CDATA[Natan]]>
              </value>
            </param>
          </params>
          <exception class="org.openqa.selenium.StaleElementReferenceException">
            <message>
              <![CDATA[stale element reference: element is not attached to the page document
  (Session info: chrome=107.0.5304.122)
For documentation on this error, please visit: https://selenium.dev/exceptions/#stale_element_reference
Build info: version: '4.5.2', revision: '702c64f787c'
System info: os.name: 'Windows 10', os.arch: 'amd64', os.version: '10.0', java.version: '17.0.1'
Driver info: org.openqa.selenium.chrome.ChromeDriver
Command: [77ddff3ca0930400c1776d0046c0a552, clickElement {id=3b3e0b0c-d710-495b-8605-98a902d3e60d}]
Capabilities {acceptInsecureCerts: false, browserName: chrome, browserVersion: 107.0.5304.122, chrome: {chromedriverVersion: 107.0.5304.62 (1eec40d3a576..., userDataDir: C:\Users\Dima\AppData\Local...}, goog:chromeOptions: {debuggerAddress: localhost:51321}, networkConnectionEnabled: false, pageLoadStrategy: normal, platformName: WINDOWS, proxy: Proxy(), se:cdp: ws://localhost:51321/devtoo..., se:cdpVersion: 107.0.5304.122, setWindowRect: true, strictFileInteractability: false, timeouts: {implicit: 0, pageLoad: 300000, script: 30000}, unhandledPromptBehavior: dismiss and notify, webauthn:extension:credBlob: true, webauthn:extension:largeBlob: true, webauthn:virtualAuthenticators: true}
Element: [[ChromeDriver: chrome on WINDOWS (77ddff3ca0930400c1776d0046c0a552)] -> css selector: .oxd-icon.bi-trash]
Session ID: 77ddff3ca0930400c1776d0046c0a552]]>
            </message>
            <full-stacktrace>
              <![CDATA[org.openqa.selenium.StaleElementReferenceException: stale element reference: element is not attached to the page document
  (Session info: chrome=107.0.5304.122)
For documentation on this error, please visit: https://selenium.dev/exceptions/#stale_element_reference
Build info: version: '4.5.2', revision: '702c64f787c'
System info: os.name: 'Windows 10', os.arch: 'amd64', os.version: '10.0', java.version: '17.0.1'
Driver info: org.openqa.selenium.chrome.ChromeDriver
Command: [77ddff3ca0930400c1776d0046c0a552, clickElement {id=3b3e0b0c-d710-495b-8605-98a902d3e60d}]
Capabilities {acceptInsecureCerts: false, browserName: chrome, browserVersion: 107.0.5304.122, chrome: {chromedriverVersion: 107.0.5304.62 (1eec40d3a576..., userDataDir: C:\Users\Dima\AppData\Local...}, goog:chromeOptions: {debuggerAddress: localhost:51321}, networkConnectionEnabled: false, pageLoadStrategy: normal, platformName: WINDOWS, proxy: Proxy(), se:cdp: ws://localhost:51321/devtoo..., se:cdpVersion: 107.0.5304.122, setWindowRect: true, strictFileInteractability: false, timeouts: {implicit: 0, pageLoad: 300000, script: 30000}, unhandledPromptBehavior: dismiss and notify, webauthn:extension:credBlob: true, webauthn:extension:largeBlob: true, webauthn:virtualAuthenticators: true}
Element: [[ChromeDriver: chrome on WINDOWS (77ddff3ca0930400c1776d0046c0a552)] -> css selector: .oxd-icon.bi-trash]
Session ID: 77ddff3ca0930400c1776d0046c0a552
at java.base/jdk.internal.reflect.NativeConstructorAccessorImpl.newInstance0(Native Method)
at java.base/jdk.internal.reflect.NativeConstructorAccessorImpl.newInstance(NativeConstructorAccessorImpl.java:77)
at java.base/jdk.internal.reflect.DelegatingConstructorAccessorImpl.newInstance(DelegatingConstructorAccessorImpl.java:45)
at java.base/java.lang.reflect.Constructor.newInstanceWithCaller(Constructor.java:499)
at java.base/java.lang.reflect.Constructor.newInstance(Constructor.java:480)
at org.openqa.selenium.remote.codec.w3c.W3CHttpResponseCodec.createException(W3CHttpResponseCodec.java:200)
at org.openqa.selenium.remote.codec.w3c.W3CHttpResponseCodec.decode(W3CHttpResponseCodec.java:133)
at org.openqa.selenium.remote.codec.w3c.W3CHttpResponseCodec.decode(W3CHttpResponseCodec.java:53)
at org.openqa.selenium.remote.HttpCommandExecutor.execute(HttpCommandExecutor.java:184)
at org.openqa.selenium.remote.service.DriverCommandExecutor.invokeExecute(DriverCommandExecutor.java:167)
at org.openqa.selenium.remote.service.DriverCommandExecutor.execute(DriverCommandExecutor.java:142)
at org.openqa.selenium.remote.RemoteWebDriver.execute(RemoteWebDriver.java:541)
at org.openqa.selenium.remote.RemoteWebElement.execute(RemoteWebElement.java:257)
at org.openqa.selenium.remote.RemoteWebElement.click(RemoteWebElement.java:78)
at OrangeHPM.TestCases.TC_0009_DeleteEmployeeDDT.deleteEmployee(TC_0009_DeleteEmployeeDDT.java:38)
at java.base/jdk.internal.reflect.NativeMethodAccessorImpl.invoke0(Native Method)
at java.base/jdk.internal.reflect.NativeMethodAccessorImpl.invoke(NativeMethodAccessorImpl.java:77)
at java.base/jdk.internal.reflect.DelegatingMethodAccessorImpl.invoke(DelegatingMethodAccessorImpl.java:43)
at java.base/java.lang.reflect.Method.invoke(Method.java:568)
at org.testng.internal.invokers.MethodInvocationHelper.invokeMethod(MethodInvocationHelper.java:135)
at org.testng.internal.invokers.TestInvoker.invokeMethod(TestInvoker.java:673)
at org.testng.internal.invokers.TestInvoker.invokeTestMethod(TestInvoker.java:220)
at org.testng.internal.invokers.MethodRunner.runInSequence(MethodRunner.java:50)
at org.testng.internal.invokers.TestInvoker$MethodInvocationAgent.invoke(TestInvoker.java:945)
at org.testng.internal.invokers.TestInvoker.invokeTestMethods(TestInvoker.java:193)
at org.testng.internal.invokers.TestMethodWorker.invokeTestMethods(TestMethodWorker.java:146)
at org.testng.internal.invokers.TestMethodWorker.run(TestMethodWorker.java:128)
at java.base/java.util.ArrayList.forEach(ArrayList.java:1511)
at org.testng.TestRunner.privateRun(TestRunner.java:808)
at org.testng.TestRunner.run(TestRunner.java:603)
at org.testng.SuiteRunner.runTest(SuiteRunner.java:429)
at org.testng.SuiteRunner.runSequentially(SuiteRunner.java:423)
at org.testng.SuiteRunner.privateRun(SuiteRunner.java:383)
at org.testng.SuiteRunner.run(SuiteRunner.java:326)
at org.testng.SuiteRunnerWorker.runSuite(SuiteRunnerWorker.java:52)
at org.testng.SuiteRunnerWorker.run(SuiteRunnerWorker.java:95)
at org.testng.TestNG.runSuitesSequentially(TestNG.java:1249)
at org.testng.TestNG.runSuitesLocally(TestNG.java:1169)
at org.testng.TestNG.runSuites(TestNG.java:1092)
at org.testng.TestNG.run(TestNG.java:1060)
at org.apache.maven.surefire.testng.TestNGExecutor.run(TestNGExecutor.java:324)
at org.apache.maven.surefire.testng.TestNGXmlTestSuite.execute(TestNGXmlTestSuite.java:74)
at org.apache.maven.surefire.testng.TestNGProvider.invoke(TestNGProvider.java:123)
at org.apache.maven.surefire.booter.ForkedBooter.runSuitesInProcess(ForkedBooter.java:456)
at org.apache.maven.surefire.booter.ForkedBooter.execute(ForkedBooter.java:169)
at org.apache.maven.surefire.booter.ForkedBooter.run(ForkedBooter.java:595)
at org.apache.maven.surefire.booter.ForkedBooter.main(ForkedBooter.java:581)
]]>
            </full-stacktrace>
          </exception> <!-- org.openqa.selenium.StaleElementReferenceException -->
          <reporter-output>
          </reporter-output>
        </test-method> <!-- deleteEmployee -->
        <test-method is-config="true" signature="TearDown()[pri:0, instance:OrangeHPM.TestCases.TC_0009_DeleteEmployeeDDT@2ed3b1f5]" started-at="2022-12-03T16:09:12 CAST" name="TearDown" finished-at="2022-12-03T16:09:12 CAST" duration-ms="191" status="PASS">
          <reporter-output>
          </reporter-output>
        </test-method> <!-- TearDown -->
      </class> <!-- OrangeHPM.TestCases.TC_0009_DeleteEmployeeDDT -->
      <class name="OrangeHPM.TestCases.TC_0008_Add_Employee_DD">
        <test-method is-config="true" signature="SetUp()[pri:0, instance:OrangeHPM.TestCases.TC_0008_Add_Employee_DD@741b3bc3]" started-at="2022-12-03T16:07:55 CAST" name="SetUp" finished-at="2022-12-03T16:07:55 CAST" duration-ms="886" status="PASS">
          <reporter-output>
          </reporter-output>
        </test-method> <!-- SetUp -->
        <test-method signature="addEmployeeTest(java.lang.String,java.lang.String,java.lang.String)[pri:0, instance:OrangeHPM.TestCases.TC_0008_Add_Employee_DD@741b3bc3]" started-at="2022-12-03T16:07:55 CAST" name="addEmployeeTest" data-provider="employees" finished-at="2022-12-03T16:08:27 CAST" duration-ms="31759" status="PASS">
          <params>
            <param index="0">
              <value>
                <![CDATA[Alex]]>
              </value>
            </param>
            <param index="1">
              <value>
                <![CDATA[Di]]>
              </value>
            </param>
            <param index="2">
              <value>
                <![CDATA[Mercury]]>
              </value>
            </param>
          </params>
          <reporter-output>
          </reporter-output>
        </test-method> <!-- addEmployeeTest -->
        <test-method signature="addEmployeeTest(java.lang.String,java.lang.String,java.lang.String)[pri:0, instance:OrangeHPM.TestCases.TC_0008_Add_Employee_DD@741b3bc3]" started-at="2022-12-03T16:08:27 CAST" name="addEmployeeTest" data-provider="employees" finished-at="2022-12-03T16:08:37 CAST" duration-ms="9289" status="PASS">
          <params>
            <param index="0">
              <value>
                <![CDATA[Natan]]>
              </value>
            </param>
            <param index="1">
              <value>
                <![CDATA[Li]]>
              </value>
            </param>
            <param index="2">
              <value>
                <![CDATA[Jhonson]]>
              </value>
            </param>
          </params>
          <reporter-output>
          </reporter-output>
        </test-method> <!-- addEmployeeTest -->
        <test-method is-config="true" signature="TearDown()[pri:0, instance:OrangeHPM.TestCases.TC_0008_Add_Employee_DD@741b3bc3]" started-at="2022-12-03T16:08:37 CAST" name="TearDown" finished-at="2022-12-03T16:08:37 CAST" duration-ms="257" status="PASS">
          <reporter-output>
          </reporter-output>
        </test-method> <!-- TearDown -->
      </class> <!-- OrangeHPM.TestCases.TC_0008_Add_Employee_DD -->
      <class name="OrangeHPM.TestCases.TC_0012_AddVacancy">
        <test-method is-config="true" signature="SetUp()[pri:0, instance:OrangeHPM.TestCases.TC_0012_AddVacancy@45be7cd5]" started-at="2022-12-03T16:10:25 CAST" name="SetUp" finished-at="2022-12-03T16:10:26 CAST" duration-ms="868" status="PASS">
          <reporter-output>
          </reporter-output>
        </test-method> <!-- SetUp -->
        <test-method signature="addVacancyTest()[pri:0, instance:OrangeHPM.TestCases.TC_0012_AddVacancy@45be7cd5]" started-at="2022-12-03T16:10:26 CAST" name="addVacancyTest" finished-at="2022-12-03T16:12:43 CAST" duration-ms="136665" status="FAIL">
          <exception class="org.openqa.selenium.TimeoutException">
            <message>
              <![CDATA[Expected condition failed: waiting for presence of element located by: By.name: password (tried for 10 second(s) with 500 milliseconds interval)]]>
            </message>
            <full-stacktrace>
              <![CDATA[org.openqa.selenium.TimeoutException: Expected condition failed: waiting for presence of element located by: By.name: password (tried for 10 second(s) with 500 milliseconds interval)
at org.openqa.selenium.support.ui.WebDriverWait.timeoutException(WebDriverWait.java:87)
at org.openqa.selenium.support.ui.FluentWait.until(FluentWait.java:231)
at OrangeHPM.PageObjects.LoginPage.setPassword(LoginPage.java:28)
at OrangeHPM.TestCases.TC_0012_AddVacancy.addVacancyTest(TC_0012_AddVacancy.java:12)
at java.base/jdk.internal.reflect.NativeMethodAccessorImpl.invoke0(Native Method)
at java.base/jdk.internal.reflect.NativeMethodAccessorImpl.invoke(NativeMethodAccessorImpl.java:77)
at java.base/jdk.internal.reflect.DelegatingMethodAccessorImpl.invoke(DelegatingMethodAccessorImpl.java:43)
at java.base/java.lang.reflect.Method.invoke(Method.java:568)
at org.testng.internal.invokers.MethodInvocationHelper.invokeMethod(MethodInvocationHelper.java:135)
at org.testng.internal.invokers.TestInvoker.invokeMethod(TestInvoker.java:673)
at org.testng.internal.invokers.TestInvoker.invokeTestMethod(TestInvoker.java:220)
at org.testng.internal.invokers.MethodRunner.runInSequence(MethodRunner.java:50)
at org.testng.internal.invokers.TestInvoker$MethodInvocationAgent.invoke(TestInvoker.java:945)
at org.testng.internal.invokers.TestInvoker.invokeTestMethods(TestInvoker.java:193)
at org.testng.internal.invokers.TestMethodWorker.invokeTestMethods(TestMethodWorker.java:146)
at org.testng.internal.invokers.TestMethodWorker.run(TestMethodWorker.java:128)
at java.base/java.util.ArrayList.forEach(ArrayList.java:1511)
at org.testng.TestRunner.privateRun(TestRunner.java:808)
at org.testng.TestRunner.run(TestRunner.java:603)
at org.testng.SuiteRunner.runTest(SuiteRunner.java:429)
at org.testng.SuiteRunner.runSequentially(SuiteRunner.java:423)
at org.testng.SuiteRunner.privateRun(SuiteRunner.java:383)
at org.testng.SuiteRunner.run(SuiteRunner.java:326)
at org.testng.SuiteRunnerWorker.runSuite(SuiteRunnerWorker.java:52)
at org.testng.SuiteRunnerWorker.run(SuiteRunnerWorker.java:95)
at org.testng.TestNG.runSuitesSequentially(TestNG.java:1249)
at org.testng.TestNG.runSuitesLocally(TestNG.java:1169)
at org.testng.TestNG.runSuites(TestNG.java:1092)
at org.testng.TestNG.run(TestNG.java:1060)
at org.apache.maven.surefire.testng.TestNGExecutor.run(TestNGExecutor.java:324)
at org.apache.maven.surefire.testng.TestNGXmlTestSuite.execute(TestNGXmlTestSuite.java:74)
at org.apache.maven.surefire.testng.TestNGProvider.invoke(TestNGProvider.java:123)
at org.apache.maven.surefire.booter.ForkedBooter.runSuitesInProcess(ForkedBooter.java:456)
at org.apache.maven.surefire.booter.ForkedBooter.execute(ForkedBooter.java:169)
at org.apache.maven.surefire.booter.ForkedBooter.run(ForkedBooter.java:595)
at org.apache.maven.surefire.booter.ForkedBooter.main(ForkedBooter.java:581)
Caused by: org.openqa.selenium.NoSuchElementException: no such element: Unable to locate element: {"method":"css selector","selector":"*[name='password']"}
  (Session info: chrome=107.0.5304.122)
For documentation on this error, please visit: https://selenium.dev/exceptions/#no_such_element
Build info: version: '4.5.2', revision: '702c64f787c'
System info: os.name: 'Windows 10', os.arch: 'amd64', os.version: '10.0', java.version: '17.0.1'
Driver info: org.openqa.selenium.chrome.ChromeDriver
Command: [43e56d60a1ab7939a5f2e47ae58daa02, findElement {using=name, value=password}]
Capabilities {acceptInsecureCerts: false, browserName: chrome, browserVersion: 107.0.5304.122, chrome: {chromedriverVersion: 107.0.5304.62 (1eec40d3a576..., userDataDir: C:\Users\Dima\AppData\Local...}, goog:chromeOptions: {debuggerAddress: localhost:51436}, networkConnectionEnabled: false, pageLoadStrategy: normal, platformName: WINDOWS, proxy: Proxy(), se:cdp: ws://localhost:51436/devtoo..., se:cdpVersion: 107.0.5304.122, setWindowRect: true, strictFileInteractability: false, timeouts: {implicit: 0, pageLoad: 300000, script: 30000}, unhandledPromptBehavior: dismiss and notify, webauthn:extension:credBlob: true, webauthn:extension:largeBlob: true, webauthn:virtualAuthenticators: true}
Session ID: 43e56d60a1ab7939a5f2e47ae58daa02
at jdk.internal.reflect.GeneratedConstructorAccessor25.newInstance(Unknown Source)
at java.base/jdk.internal.reflect.DelegatingConstructorAccessorImpl.newInstance(DelegatingConstructorAccessorImpl.java:45)
at java.base/java.lang.reflect.Constructor.newInstanceWithCaller(Constructor.java:499)
at java.base/java.lang.reflect.Constructor.newInstance(Constructor.java:480)
at org.openqa.selenium.remote.codec.w3c.W3CHttpResponseCodec.createException(W3CHttpResponseCodec.java:200)
at org.openqa.selenium.remote.codec.w3c.W3CHttpResponseCodec.decode(W3CHttpResponseCodec.java:133)
at org.openqa.selenium.remote.codec.w3c.W3CHttpResponseCodec.decode(W3CHttpResponseCodec.java:53)
at org.openqa.selenium.remote.HttpCommandExecutor.execute(HttpCommandExecutor.java:184)
at org.openqa.selenium.remote.service.DriverCommandExecutor.invokeExecute(DriverCommandExecutor.java:167)
at org.openqa.selenium.remote.service.DriverCommandExecutor.execute(DriverCommandExecutor.java:142)
at org.openqa.selenium.remote.RemoteWebDriver.execute(RemoteWebDriver.java:541)
at org.openqa.selenium.remote.ElementLocation$ElementFinder$2.findElement(ElementLocation.java:162)
at org.openqa.selenium.remote.ElementLocation.findElement(ElementLocation.java:60)
at org.openqa.selenium.remote.RemoteWebDriver.findElement(RemoteWebDriver.java:365)
at org.openqa.selenium.remote.RemoteWebDriver.findElement(RemoteWebDriver.java:357)
at org.openqa.selenium.support.ui.ExpectedConditions$6.apply(ExpectedConditions.java:174)
at org.openqa.selenium.support.ui.ExpectedConditions$6.apply(ExpectedConditions.java:171)
at org.openqa.selenium.support.ui.FluentWait.until(FluentWait.java:208)
... 34 more
]]>
            </full-stacktrace>
          </exception> <!-- org.openqa.selenium.TimeoutException -->
          <reporter-output>
          </reporter-output>
        </test-method> <!-- addVacancyTest -->
        <test-method is-config="true" signature="TearDown()[pri:0, instance:OrangeHPM.TestCases.TC_0012_AddVacancy@45be7cd5]" started-at="2022-12-03T16:12:43 CAST" name="TearDown" finished-at="2022-12-03T16:12:43 CAST" duration-ms="113" status="PASS">
          <reporter-output>
          </reporter-output>
        </test-method> <!-- TearDown -->
      </class> <!-- OrangeHPM.TestCases.TC_0012_AddVacancy -->
      <class name="OrangeHPM.TestCases.TC_0011_PersonalDetailsEdit">
        <test-method is-config="true" signature="SetUp()[pri:0, instance:OrangeHPM.TestCases.TC_0011_PersonalDetailsEdit@68d6972f]" started-at="2022-12-03T16:09:45 CAST" name="SetUp" finished-at="2022-12-03T16:09:46 CAST" duration-ms="948" status="PASS">
          <reporter-output>
          </reporter-output>
        </test-method> <!-- SetUp -->
        <test-method signature="personalEditTest()[pri:0, instance:OrangeHPM.TestCases.TC_0011_PersonalDetailsEdit@68d6972f]" started-at="2022-12-03T16:09:46 CAST" name="personalEditTest" finished-at="2022-12-03T16:10:25 CAST" duration-ms="39292" status="FAIL">
          <exception class="java.lang.AssertionError">
            <message>
              <![CDATA[expected [Alex] but found [PaulAlex]]]>
            </message>
            <full-stacktrace>
              <![CDATA[java.lang.AssertionError: expected [Alex] but found [PaulAlex]
at org.testng.Assert.fail(Assert.java:110)
at org.testng.Assert.failNotEquals(Assert.java:1413)
at org.testng.Assert.assertEqualsImpl(Assert.java:149)
at org.testng.Assert.assertEquals(Assert.java:131)
at org.testng.Assert.assertEquals(Assert.java:655)
at org.testng.Assert.assertEquals(Assert.java:665)
at OrangeHPM.TestCases.TC_0011_PersonalDetailsEdit.isInputFieldUpdated(TC_0011_PersonalDetailsEdit.java:59)
at OrangeHPM.TestCases.TC_0011_PersonalDetailsEdit.personalEditTest(TC_0011_PersonalDetailsEdit.java:42)
at java.base/jdk.internal.reflect.NativeMethodAccessorImpl.invoke0(Native Method)
at java.base/jdk.internal.reflect.NativeMethodAccessorImpl.invoke(NativeMethodAccessorImpl.java:77)
at java.base/jdk.internal.reflect.DelegatingMethodAccessorImpl.invoke(DelegatingMethodAccessorImpl.java:43)
at java.base/java.lang.reflect.Method.invoke(Method.java:568)
at org.testng.internal.invokers.MethodInvocationHelper.invokeMethod(MethodInvocationHelper.java:135)
at org.testng.internal.invokers.TestInvoker.invokeMethod(TestInvoker.java:673)
at org.testng.internal.invokers.TestInvoker.invokeTestMethod(TestInvoker.java:220)
at org.testng.internal.invokers.MethodRunner.runInSequence(MethodRunner.java:50)
at org.testng.internal.invokers.TestInvoker$MethodInvocationAgent.invoke(TestInvoker.java:945)
at org.testng.internal.invokers.TestInvoker.invokeTestMethods(TestInvoker.java:193)
at org.testng.internal.invokers.TestMethodWorker.invokeTestMethods(TestMethodWorker.java:146)
at org.testng.internal.invokers.TestMethodWorker.run(TestMethodWorker.java:128)
at java.base/java.util.ArrayList.forEach(ArrayList.java:1511)
at org.testng.TestRunner.privateRun(TestRunner.java:808)
at org.testng.TestRunner.run(TestRunner.java:603)
at org.testng.SuiteRunner.runTest(SuiteRunner.java:429)
at org.testng.SuiteRunner.runSequentially(SuiteRunner.java:423)
at org.testng.SuiteRunner.privateRun(SuiteRunner.java:383)
at org.testng.SuiteRunner.run(SuiteRunner.java:326)
at org.testng.SuiteRunnerWorker.runSuite(SuiteRunnerWorker.java:52)
at org.testng.SuiteRunnerWorker.run(SuiteRunnerWorker.java:95)
at org.testng.TestNG.runSuitesSequentially(TestNG.java:1249)
at org.testng.TestNG.runSuitesLocally(TestNG.java:1169)
at org.testng.TestNG.runSuites(TestNG.java:1092)
at org.testng.TestNG.run(TestNG.java:1060)
at org.apache.maven.surefire.testng.TestNGExecutor.run(TestNGExecutor.java:324)
at org.apache.maven.surefire.testng.TestNGXmlTestSuite.execute(TestNGXmlTestSuite.java:74)
at org.apache.maven.surefire.testng.TestNGProvider.invoke(TestNGProvider.java:123)
at org.apache.maven.surefire.booter.ForkedBooter.runSuitesInProcess(ForkedBooter.java:456)
at org.apache.maven.surefire.booter.ForkedBooter.execute(ForkedBooter.java:169)
at org.apache.maven.surefire.booter.ForkedBooter.run(ForkedBooter.java:595)
at org.apache.maven.surefire.booter.ForkedBooter.main(ForkedBooter.java:581)
]]>
            </full-stacktrace>
          </exception> <!-- java.lang.AssertionError -->
          <reporter-output>
          </reporter-output>
        </test-method> <!-- personalEditTest -->
        <test-method is-config="true" signature="TearDown()[pri:0, instance:OrangeHPM.TestCases.TC_0011_PersonalDetailsEdit@68d6972f]" started-at="2022-12-03T16:10:25 CAST" name="TearDown" finished-at="2022-12-03T16:10:25 CAST" duration-ms="191" status="PASS">
          <reporter-output>
          </reporter-output>
        </test-method> <!-- TearDown -->
      </class> <!-- OrangeHPM.TestCases.TC_0011_PersonalDetailsEdit -->
      <class name="OrangeHPM.TestCases.TC_0015_CreateCustomField">
        <test-method is-config="true" signature="SetUp()[pri:0, instance:OrangeHPM.TestCases.TC_0015_CreateCustomField@6d366c9b]" started-at="2022-12-03T16:13:43 CAST" name="SetUp" finished-at="2022-12-03T16:13:44 CAST" duration-ms="865" status="PASS">
          <reporter-output>
          </reporter-output>
        </test-method> <!-- SetUp -->
        <test-method signature="customFieldTest()[pri:0, instance:OrangeHPM.TestCases.TC_0015_CreateCustomField@6d366c9b]" started-at="2022-12-03T16:13:44 CAST" name="customFieldTest" finished-at="2022-12-03T16:14:15 CAST" duration-ms="30913" status="PASS">
          <reporter-output>
          </reporter-output>
        </test-method> <!-- customFieldTest -->
        <test-method is-config="true" signature="TearDown()[pri:0, instance:OrangeHPM.TestCases.TC_0015_CreateCustomField@6d366c9b]" started-at="2022-12-03T16:14:15 CAST" name="TearDown" finished-at="2022-12-03T16:14:15 CAST" duration-ms="191" status="PASS">
          <reporter-output>
          </reporter-output>
        </test-method> <!-- TearDown -->
      </class> <!-- OrangeHPM.TestCases.TC_0015_CreateCustomField -->
      <class name="OrangeHPM.TestCases.TC_0001_Login">
        <test-method is-config="true" signature="SetUp()[pri:0, instance:OrangeHPM.TestCases.TC_0001_Login@1643d68f]" started-at="2022-12-03T16:04:14 CAST" name="SetUp" finished-at="2022-12-03T16:04:16 CAST" duration-ms="2520" status="PASS">
          <reporter-output>
          </reporter-output>
        </test-method> <!-- SetUp -->
        <test-method signature="loginTest(java.lang.String,java.lang.String)[pri:0, instance:OrangeHPM.TestCases.TC_0001_Login@1643d68f]" started-at="2022-12-03T16:04:16 CAST" name="loginTest" data-provider="userCredentials" finished-at="2022-12-03T16:04:39 CAST" duration-ms="22339" status="PASS">
          <params>
            <param index="0">
              <value>
                <![CDATA[Admin]]>
              </value>
            </param>
            <param index="1">
              <value>
                <![CDATA[admin123]]>
              </value>
            </param>
          </params>
          <reporter-output>
          </reporter-output>
        </test-method> <!-- loginTest -->
        <test-method is-config="true" signature="TearDown()[pri:0, instance:OrangeHPM.TestCases.TC_0001_Login@1643d68f]" started-at="2022-12-03T16:04:39 CAST" name="TearDown" finished-at="2022-12-03T16:04:39 CAST" duration-ms="208" status="PASS">
          <reporter-output>
          </reporter-output>
        </test-method> <!-- TearDown -->
      </class> <!-- OrangeHPM.TestCases.TC_0001_Login -->
      <class name="OrangeHPM.TestCases.TC_0014_LeaveReject">
        <test-method is-config="true" signature="SetUp()[pri:0, instance:OrangeHPM.TestCases.TC_0014_LeaveReject@3185fa6b]" started-at="2022-12-03T16:13:14 CAST" name="SetUp" finished-at="2022-12-03T16:13:15 CAST" duration-ms="802" status="PASS">
          <reporter-output>
          </reporter-output>
        </test-method> <!-- SetUp -->
        <test-method signature="rejectTest()[pri:0, instance:OrangeHPM.TestCases.TC_0014_LeaveReject@3185fa6b]" started-at="2022-12-03T16:13:15 CAST" name="rejectTest" finished-at="2022-12-03T16:13:43 CAST" duration-ms="27991" status="PASS">
          <reporter-output>
          </reporter-output>
        </test-method> <!-- rejectTest -->
        <test-method is-config="true" signature="TearDown()[pri:0, instance:OrangeHPM.TestCases.TC_0014_LeaveReject@3185fa6b]" started-at="2022-12-03T16:13:43 CAST" name="TearDown" finished-at="2022-12-03T16:13:43 CAST" duration-ms="251" status="PASS">
          <reporter-output>
          </reporter-output>
        </test-method> <!-- TearDown -->
      </class> <!-- OrangeHPM.TestCases.TC_0014_LeaveReject -->
      <class name="OrangeHPM.TestCases.TC_0010_EditUser">
        <test-method is-config="true" signature="SetUp()[pri:0, instance:OrangeHPM.TestCases.TC_0010_EditUser@63648ee9]" started-at="2022-12-03T16:09:12 CAST" name="SetUp" finished-at="2022-12-03T16:09:13 CAST" duration-ms="824" status="PASS">
          <reporter-output>
          </reporter-output>
        </test-method> <!-- SetUp -->
        <test-method signature="editUserTest()[pri:0, instance:OrangeHPM.TestCases.TC_0010_EditUser@63648ee9]" started-at="2022-12-03T16:09:13 CAST" name="editUserTest" finished-at="2022-12-03T16:09:45 CAST" duration-ms="31427" status="FAIL">
          <exception class="java.lang.AssertionError">
            <message>
              <![CDATA[expected [No Records Found] but found [(1) Record Found]]]>
            </message>
            <full-stacktrace>
              <![CDATA[java.lang.AssertionError: expected [No Records Found] but found [(1) Record Found]
at org.testng.Assert.fail(Assert.java:110)
at org.testng.Assert.failNotEquals(Assert.java:1413)
at org.testng.Assert.assertEqualsImpl(Assert.java:149)
at org.testng.Assert.assertEquals(Assert.java:131)
at org.testng.Assert.assertEquals(Assert.java:655)
at org.testng.Assert.assertEquals(Assert.java:665)
at OrangeHPM.TestCases.TC_0010_EditUser.editUserTest(TC_0010_EditUser.java:39)
at java.base/jdk.internal.reflect.NativeMethodAccessorImpl.invoke0(Native Method)
at java.base/jdk.internal.reflect.NativeMethodAccessorImpl.invoke(NativeMethodAccessorImpl.java:77)
at java.base/jdk.internal.reflect.DelegatingMethodAccessorImpl.invoke(DelegatingMethodAccessorImpl.java:43)
at java.base/java.lang.reflect.Method.invoke(Method.java:568)
at org.testng.internal.invokers.MethodInvocationHelper.invokeMethod(MethodInvocationHelper.java:135)
at org.testng.internal.invokers.TestInvoker.invokeMethod(TestInvoker.java:673)
at org.testng.internal.invokers.TestInvoker.invokeTestMethod(TestInvoker.java:220)
at org.testng.internal.invokers.MethodRunner.runInSequence(MethodRunner.java:50)
at org.testng.internal.invokers.TestInvoker$MethodInvocationAgent.invoke(TestInvoker.java:945)
at org.testng.internal.invokers.TestInvoker.invokeTestMethods(TestInvoker.java:193)
at org.testng.internal.invokers.TestMethodWorker.invokeTestMethods(TestMethodWorker.java:146)
at org.testng.internal.invokers.TestMethodWorker.run(TestMethodWorker.java:128)
at java.base/java.util.ArrayList.forEach(ArrayList.java:1511)
at org.testng.TestRunner.privateRun(TestRunner.java:808)
at org.testng.TestRunner.run(TestRunner.java:603)
at org.testng.SuiteRunner.runTest(SuiteRunner.java:429)
at org.testng.SuiteRunner.runSequentially(SuiteRunner.java:423)
at org.testng.SuiteRunner.privateRun(SuiteRunner.java:383)
at org.testng.SuiteRunner.run(SuiteRunner.java:326)
at org.testng.SuiteRunnerWorker.runSuite(SuiteRunnerWorker.java:52)
at org.testng.SuiteRunnerWorker.run(SuiteRunnerWorker.java:95)
at org.testng.TestNG.runSuitesSequentially(TestNG.java:1249)
at org.testng.TestNG.runSuitesLocally(TestNG.java:1169)
at org.testng.TestNG.runSuites(TestNG.java:1092)
at org.testng.TestNG.run(TestNG.java:1060)
at org.apache.maven.surefire.testng.TestNGExecutor.run(TestNGExecutor.java:324)
at org.apache.maven.surefire.testng.TestNGXmlTestSuite.execute(TestNGXmlTestSuite.java:74)
at org.apache.maven.surefire.testng.TestNGProvider.invoke(TestNGProvider.java:123)
at org.apache.maven.surefire.booter.ForkedBooter.runSuitesInProcess(ForkedBooter.java:456)
at org.apache.maven.surefire.booter.ForkedBooter.execute(ForkedBooter.java:169)
at org.apache.maven.surefire.booter.ForkedBooter.run(ForkedBooter.java:595)
at org.apache.maven.surefire.booter.ForkedBooter.main(ForkedBooter.java:581)
]]>
            </full-stacktrace>
          </exception> <!-- java.lang.AssertionError -->
          <reporter-output>
          </reporter-output>
        </test-method> <!-- editUserTest -->
        <test-method is-config="true" signature="TearDown()[pri:0, instance:OrangeHPM.TestCases.TC_0010_EditUser@63648ee9]" started-at="2022-12-03T16:09:45 CAST" name="TearDown" finished-at="2022-12-03T16:09:45 CAST" duration-ms="180" status="PASS">
          <reporter-output>
          </reporter-output>
        </test-method> <!-- TearDown -->
      </class> <!-- OrangeHPM.TestCases.TC_0010_EditUser -->
      <class name="OrangeHPM.TestCases.TC_0007_Profile">
        <test-method is-config="true" signature="SetUp()[pri:0, instance:OrangeHPM.TestCases.TC_0007_Profile@675d8c96]" started-at="2022-12-03T16:07:07 CAST" name="SetUp" finished-at="2022-12-03T16:07:07 CAST" duration-ms="906" status="PASS">
          <reporter-output>
          </reporter-output>
        </test-method> <!-- SetUp -->
        <test-method signature="profileTest()[pri:0, instance:OrangeHPM.TestCases.TC_0007_Profile@675d8c96]" started-at="2022-12-03T16:07:07 CAST" name="profileTest" finished-at="2022-12-03T16:07:54 CAST" duration-ms="46913" status="PASS">
          <reporter-output>
          </reporter-output>
        </test-method> <!-- profileTest -->
        <test-method is-config="true" signature="TearDown()[pri:0, instance:OrangeHPM.TestCases.TC_0007_Profile@675d8c96]" started-at="2022-12-03T16:07:54 CAST" name="TearDown" finished-at="2022-12-03T16:07:55 CAST" duration-ms="226" status="PASS">
          <reporter-output>
          </reporter-output>
        </test-method> <!-- TearDown -->
      </class> <!-- OrangeHPM.TestCases.TC_0007_Profile -->
      <class name="OrangeHPM.TestCases.TC_0016_AddLocation">
        <test-method is-config="true" signature="SetUp()[pri:0, instance:OrangeHPM.TestCases.TC_0016_AddLocation@5b58ed3c]" started-at="2022-12-03T16:14:15 CAST" name="SetUp" finished-at="2022-12-03T16:14:16 CAST" duration-ms="872" status="PASS">
          <reporter-output>
          </reporter-output>
        </test-method> <!-- SetUp -->
        <test-method signature="addLocationTest()[pri:0, instance:OrangeHPM.TestCases.TC_0016_AddLocation@5b58ed3c]" started-at="2022-12-03T16:14:16 CAST" name="addLocationTest" finished-at="2022-12-03T16:14:53 CAST" duration-ms="37003" status="PASS">
          <reporter-output>
          </reporter-output>
        </test-method> <!-- addLocationTest -->
        <test-method is-config="true" signature="TearDown()[pri:0, instance:OrangeHPM.TestCases.TC_0016_AddLocation@5b58ed3c]" started-at="2022-12-03T16:14:53 CAST" name="TearDown" finished-at="2022-12-03T16:14:53 CAST" duration-ms="191" status="PASS">
          <reporter-output>
          </reporter-output>
        </test-method> <!-- TearDown -->
      </class> <!-- OrangeHPM.TestCases.TC_0016_AddLocation -->
      <class name="OrangeHPM.TestCases.TC_0013_LeaveApprove">
        <test-method is-config="true" signature="SetUp()[pri:0, instance:OrangeHPM.TestCases.TC_0013_LeaveApprove@7651218e]" started-at="2022-12-03T16:12:43 CAST" name="SetUp" finished-at="2022-12-03T16:12:44 CAST" duration-ms="819" status="PASS">
          <reporter-output>
          </reporter-output>
        </test-method> <!-- SetUp -->
        <test-method signature="leaveApproveTest()[pri:0, instance:OrangeHPM.TestCases.TC_0013_LeaveApprove@7651218e]" started-at="2022-12-03T16:12:44 CAST" name="leaveApproveTest" finished-at="2022-12-03T16:13:14 CAST" duration-ms="30317" status="FAIL">
          <exception class="java.lang.AssertionError">
            <message>
              <![CDATA[expected [true] but found [false]]]>
            </message>
            <full-stacktrace>
              <![CDATA[java.lang.AssertionError: expected [true] but found [false]
at org.testng.Assert.fail(Assert.java:110)
at org.testng.Assert.failNotEquals(Assert.java:1413)
at org.testng.Assert.assertTrue(Assert.java:56)
at org.testng.Assert.assertTrue(Assert.java:66)
at OrangeHPM.PageObjects.SuccessMessage.isMessageDisplayed(SuccessMessage.java:21)
at OrangeHPM.TestCases.TC_0013_LeaveApprove.leaveApproveTest(TC_0013_LeaveApprove.java:20)
at java.base/jdk.internal.reflect.NativeMethodAccessorImpl.invoke0(Native Method)
at java.base/jdk.internal.reflect.NativeMethodAccessorImpl.invoke(NativeMethodAccessorImpl.java:77)
at java.base/jdk.internal.reflect.DelegatingMethodAccessorImpl.invoke(DelegatingMethodAccessorImpl.java:43)
at java.base/java.lang.reflect.Method.invoke(Method.java:568)
at org.testng.internal.invokers.MethodInvocationHelper.invokeMethod(MethodInvocationHelper.java:135)
at org.testng.internal.invokers.TestInvoker.invokeMethod(TestInvoker.java:673)
at org.testng.internal.invokers.TestInvoker.invokeTestMethod(TestInvoker.java:220)
at org.testng.internal.invokers.MethodRunner.runInSequence(MethodRunner.java:50)
at org.testng.internal.invokers.TestInvoker$MethodInvocationAgent.invoke(TestInvoker.java:945)
at org.testng.internal.invokers.TestInvoker.invokeTestMethods(TestInvoker.java:193)
at org.testng.internal.invokers.TestMethodWorker.invokeTestMethods(TestMethodWorker.java:146)
at org.testng.internal.invokers.TestMethodWorker.run(TestMethodWorker.java:128)
at java.base/java.util.ArrayList.forEach(ArrayList.java:1511)
at org.testng.TestRunner.privateRun(TestRunner.java:808)
at org.testng.TestRunner.run(TestRunner.java:603)
at org.testng.SuiteRunner.runTest(SuiteRunner.java:429)
at org.testng.SuiteRunner.runSequentially(SuiteRunner.java:423)
at org.testng.SuiteRunner.privateRun(SuiteRunner.java:383)
at org.testng.SuiteRunner.run(SuiteRunner.java:326)
at org.testng.SuiteRunnerWorker.runSuite(SuiteRunnerWorker.java:52)
at org.testng.SuiteRunnerWorker.run(SuiteRunnerWorker.java:95)
at org.testng.TestNG.runSuitesSequentially(TestNG.java:1249)
at org.testng.TestNG.runSuitesLocally(TestNG.java:1169)
at org.testng.TestNG.runSuites(TestNG.java:1092)
at org.testng.TestNG.run(TestNG.java:1060)
at org.apache.maven.surefire.testng.TestNGExecutor.run(TestNGExecutor.java:324)
at org.apache.maven.surefire.testng.TestNGXmlTestSuite.execute(TestNGXmlTestSuite.java:74)
at org.apache.maven.surefire.testng.TestNGProvider.invoke(TestNGProvider.java:123)
at org.apache.maven.surefire.booter.ForkedBooter.runSuitesInProcess(ForkedBooter.java:456)
at org.apache.maven.surefire.booter.ForkedBooter.execute(ForkedBooter.java:169)
at org.apache.maven.surefire.booter.ForkedBooter.run(ForkedBooter.java:595)
at org.apache.maven.surefire.booter.ForkedBooter.main(ForkedBooter.java:581)
]]>
            </full-stacktrace>
          </exception> <!-- java.lang.AssertionError -->
          <reporter-output>
          </reporter-output>
        </test-method> <!-- leaveApproveTest -->
        <test-method is-config="true" signature="TearDown()[pri:0, instance:OrangeHPM.TestCases.TC_0013_LeaveApprove@7651218e]" started-at="2022-12-03T16:13:14 CAST" name="TearDown" finished-at="2022-12-03T16:13:14 CAST" duration-ms="121" status="PASS">
          <reporter-output>
          </reporter-output>
        </test-method> <!-- TearDown -->
      </class> <!-- OrangeHPM.TestCases.TC_0013_LeaveApprove -->
      <class name="OrangeHPM.TestCases.TC_0006_QuickLaunchTest">
        <test-method is-config="true" signature="SetUp()[pri:0, instance:OrangeHPM.TestCases.TC_0006_QuickLaunchTest@3efe7086]" started-at="2022-12-03T16:06:23 CAST" name="SetUp" finished-at="2022-12-03T16:06:24 CAST" duration-ms="850" status="PASS">
          <reporter-output>
          </reporter-output>
        </test-method> <!-- SetUp -->
        <test-method signature="quickLaunchTest()[pri:0, instance:OrangeHPM.TestCases.TC_0006_QuickLaunchTest@3efe7086]" started-at="2022-12-03T16:06:24 CAST" name="quickLaunchTest" finished-at="2022-12-03T16:07:06 CAST" duration-ms="42456" status="PASS">
          <reporter-output>
          </reporter-output>
        </test-method> <!-- quickLaunchTest -->
        <test-method is-config="true" signature="TearDown()[pri:0, instance:OrangeHPM.TestCases.TC_0006_QuickLaunchTest@3efe7086]" started-at="2022-12-03T16:07:06 CAST" name="TearDown" finished-at="2022-12-03T16:07:07 CAST" duration-ms="236" status="PASS">
          <reporter-output>
          </reporter-output>
        </test-method> <!-- TearDown -->
      </class> <!-- OrangeHPM.TestCases.TC_0006_QuickLaunchTest -->
      <class name="OrangeHPM.TestCases.TC_0003_Login_DD">
        <test-method is-config="true" signature="SetUp()[pri:0, instance:OrangeHPM.TestCases.TC_0003_Login_DD@7a7471ce]" started-at="2022-12-03T16:05:14 CAST" name="SetUp" finished-at="2022-12-03T16:05:15 CAST" duration-ms="1056" status="PASS">
          <reporter-output>
          </reporter-output>
        </test-method> <!-- SetUp -->
        <test-method signature="loginDDT(java.lang.String,java.lang.String,java.lang.String)[pri:0, instance:OrangeHPM.TestCases.TC_0003_Login_DD@7a7471ce]" started-at="2022-12-03T16:05:15 CAST" name="loginDDT" data-provider="UserData" finished-at="2022-12-03T16:05:44 CAST" duration-ms="28702" status="PASS">
          <params>
            <param index="0">
              <value>
                <![CDATA[Admin]]>
              </value>
            </param>
            <param index="1">
              <value>
                <![CDATA[admin]]>
              </value>
            </param>
            <param index="2">
              <value>
                <![CDATA[Login Failed]]>
              </value>
            </param>
          </params>
          <reporter-output>
          </reporter-output>
        </test-method> <!-- loginDDT -->
        <test-method signature="loginDDT(java.lang.String,java.lang.String,java.lang.String)[pri:0, instance:OrangeHPM.TestCases.TC_0003_Login_DD@7a7471ce]" started-at="2022-12-03T16:05:44 CAST" name="loginDDT" data-provider="UserData" finished-at="2022-12-03T16:05:47 CAST" duration-ms="2965" status="PASS">
          <params>
            <param index="0">
              <value>
                <![CDATA[Admin123]]>
              </value>
            </param>
            <param index="1">
              <value>
                <![CDATA[admin123]]>
              </value>
            </param>
            <param index="2">
              <value>
                <![CDATA[Login Failed]]>
              </value>
            </param>
          </params>
          <reporter-output>
          </reporter-output>
        </test-method> <!-- loginDDT -->
        <test-method signature="loginDDT(java.lang.String,java.lang.String,java.lang.String)[pri:0, instance:OrangeHPM.TestCases.TC_0003_Login_DD@7a7471ce]" started-at="2022-12-03T16:05:47 CAST" name="loginDDT" data-provider="UserData" finished-at="2022-12-03T16:05:50 CAST" duration-ms="3349" status="PASS">
          <params>
            <param index="0">
              <value>
                <![CDATA[Admin]]>
              </value>
            </param>
            <param index="1">
              <value>
                <![CDATA[admin321]]>
              </value>
            </param>
            <param index="2">
              <value>
                <![CDATA[Login Failed]]>
              </value>
            </param>
          </params>
          <reporter-output>
          </reporter-output>
        </test-method> <!-- loginDDT -->
        <test-method signature="loginDDT(java.lang.String,java.lang.String,java.lang.String)[pri:0, instance:OrangeHPM.TestCases.TC_0003_Login_DD@7a7471ce]" started-at="2022-12-03T16:05:50 CAST" name="loginDDT" data-provider="UserData" finished-at="2022-12-03T16:05:53 CAST" duration-ms="3035" status="PASS">
          <params>
            <param index="0">
              <value>
                <![CDATA[Admin]]>
              </value>
            </param>
            <param index="1">
              <value>
                <![CDATA[admin123]]>
              </value>
            </param>
            <param index="2">
              <value>
                <![CDATA[Login Passed]]>
              </value>
            </param>
          </params>
          <reporter-output>
          </reporter-output>
        </test-method> <!-- loginDDT -->
        <test-method is-config="true" signature="TearDown()[pri:0, instance:OrangeHPM.TestCases.TC_0003_Login_DD@7a7471ce]" started-at="2022-12-03T16:05:53 CAST" name="TearDown" finished-at="2022-12-03T16:05:54 CAST" duration-ms="174" status="PASS">
          <reporter-output>
          </reporter-output>
        </test-method> <!-- TearDown -->
      </class> <!-- OrangeHPM.TestCases.TC_0003_Login_DD -->
      <class name="OrangeHPM.TestCases.TC_0005_MyActions">
        <test-method is-config="true" signature="SetUp()[pri:0, instance:OrangeHPM.TestCases.TC_0005_MyActions@62e70ea3]" started-at="2022-12-03T16:05:54 CAST" name="SetUp" finished-at="2022-12-03T16:05:54 CAST" duration-ms="840" status="PASS">
          <reporter-output>
          </reporter-output>
        </test-method> <!-- SetUp -->
        <test-method signature="myActionsDashboardTest()[pri:0, instance:OrangeHPM.TestCases.TC_0005_MyActions@62e70ea3]" started-at="2022-12-03T16:05:54 CAST" name="myActionsDashboardTest" finished-at="2022-12-03T16:06:23 CAST" duration-ms="28353" status="PASS">
          <reporter-output>
          </reporter-output>
        </test-method> <!-- myActionsDashboardTest -->
        <test-method is-config="true" signature="TearDown()[pri:0, instance:OrangeHPM.TestCases.TC_0005_MyActions@62e70ea3]" started-at="2022-12-03T16:06:23 CAST" name="TearDown" finished-at="2022-12-03T16:06:23 CAST" duration-ms="190" status="PASS">
          <reporter-output>
          </reporter-output>
        </test-method> <!-- TearDown -->
      </class> <!-- OrangeHPM.TestCases.TC_0005_MyActions -->
      <class name="OrangeHPM.TestCases.TC_0002_Login_Logout">
        <test-method is-config="true" signature="SetUp()[pri:0, instance:OrangeHPM.TestCases.TC_0002_Login_Logout@267f474e]" started-at="2022-12-03T16:04:39 CAST" name="SetUp" finished-at="2022-12-03T16:04:40 CAST" duration-ms="929" status="PASS">
          <reporter-output>
          </reporter-output>
        </test-method> <!-- SetUp -->
        <test-method signature="logOutTest()[pri:0, instance:OrangeHPM.TestCases.TC_0002_Login_Logout@267f474e]" started-at="2022-12-03T16:04:40 CAST" name="logOutTest" finished-at="2022-12-03T16:05:13 CAST" duration-ms="33620" status="PASS">
          <reporter-output>
          </reporter-output>
        </test-method> <!-- logOutTest -->
        <test-method is-config="true" signature="TearDown()[pri:0, instance:OrangeHPM.TestCases.TC_0002_Login_Logout@267f474e]" started-at="2022-12-03T16:05:13 CAST" name="TearDown" finished-at="2022-12-03T16:05:14 CAST" duration-ms="190" status="PASS">
          <reporter-output>
          </reporter-output>
        </test-method> <!-- TearDown -->
      </class> <!-- OrangeHPM.TestCases.TC_0002_Login_Logout -->
    </test> <!-- C:/Users/Dima/Desktop/OrangeHRM -->
  </suite> <!-- All Test Suite -->
</testng-results>
